<?xml version="1.0" encoding="UTF-8"?>
<!-- Generated by org.testng.reporters.JUnitXMLReporter -->
<testsuite ignored="1" hostname="ronb-PC" failures="0" tests="6" name="Car Loan" time="0.054" errors="0" timestamp="13 Oct 2022 12:33:46 GMT">
  <testcase classname="testng.Day3" name="mobileLoginCarLoan" time="0.009"/>
  <testcase classname="testng.Day3" name="mobileRegistrationCarLoan" time="0.007"/>
  <testcase classname="testng.Day3" name="mobileSignoutCarLoan" time="0.0"/>
  <testcase classname="testng.Day3" name="mobileSignoutCarLoan" time="0.0"/>
  <testcase classname="testng.Day3" name="mobileSignoutCarLoan" time="0.0"/>
  <testcase classname="testng.Day3" name="mobileAPICarLoan" time="0.0"/>
  <testcase classname="testng.Day3" name="mobileSigninCarLoan" time="0.0">
    <ignored/>
  </testcase> <!-- mobileSigninCarLoan -->
</testsuite> <!-- Car Loan -->
