<?xml version="1.0" encoding="UTF-8"?>
<!-- Generated by org.testng.reporters.JUnitXMLReporter -->
<testsuite ignored="1" hostname="ronb-PC" failures="0" tests="5" name="Personal Loan" time="0.04" errors="0" timestamp="13 Oct 2022 12:33:46 GMT">
  <testcase classname="testng.Day2" name="myTestDemo1" time="0.001"/>
  <testcase classname="testng.Day1" name="Demo" time="0.001"/>
  <testcase classname="testng.Day4" name="loginAPIHomeLoan" time="0.0"/>
  <testcase classname="testng.Day4" name="webLoginHomeLoan" time="0.0"/>
  <testcase classname="testng.Day4" name="webLogoutHomeLoan" time="0.01"/>
  <testcase classname="testng.Day1" name="SecondTest" time="0.0">
    <ignored/>
  </testcase> <!-- SecondTest -->
</testsuite> <!-- Personal Loan -->
