<?xml version="1.0" encoding="UTF-8"?>
<!-- Generated by org.testng.reporters.JUnitReportReporter -->
<testsuite hostname="ronb-PC" failures="0" tests="3" name="testng.Day4" time="0.010" errors="0" timestamp="13 Oct 2022 12:33:46 GMT" skipped="0">
  <testcase classname="testng.Day4" name="webLoginHomeLoan" time="0.000"/>
  <testcase classname="testng.Day4" name="webLogoutHomeLoan" time="0.010"/>
  <testcase classname="testng.Day4" name="loginAPIHomeLoan" time="0.000"/>
</testsuite> <!-- testng.Day4 -->
