<?xml version="1.0" encoding="UTF-8"?>
<!-- Generated by org.testng.reporters.JUnitReportReporter -->
<testsuite hostname="ronb-PC" failures="0" tests="7" name="testng.Day3" time="0.021" errors="0" timestamp="13 Oct 2022 12:33:46 GMT" skipped="1">
  <testcase classname="testng.Day3" name="mobileLoginCarLoan" time="0.010"/>
  <testcase classname="testng.Day3" name="mobileRegistrationCarLoan" time="0.008"/>
  <testcase classname="testng.Day3" name="mobileSignoutCarLoan" time="0.000"/>
  <testcase classname="testng.Day3" name="mobileAPICarLoan" time="0.001"/>
  <testcase classname="testng.Day3" name="mobileSignoutCarLoan" time="0.000"/>
  <testcase classname="testng.Day3" name="mobileSignoutCarLoan" time="0.002"/>
  <testcase classname="testng.Day3" name="mobileSigninCarLoan">
    <skipped/>
  </testcase> <!-- mobileSigninCarLoan -->
</testsuite> <!-- testng.Day3 -->
